2026-04-18 20:27:52 | INFO | P6 | === RUN START ===
2026-04-18 20:27:52 | INFO | P6 | project=CINTEL
2026-04-18 20:27:52 | INFO | P6 | repo_dir=cintel-06-continuous-intelligence
2026-04-18 20:27:52 | INFO | P6 | python=3.14.3
2026-04-18 20:27:52 | INFO | P6 | os=Windows 11
2026-04-18 20:27:52 | INFO | P6 | shell=powershell
2026-04-18 20:27:52 | INFO | P6 | cwd=.
2026-04-18 20:27:52 | INFO | P6 | github_actions=False
2026-04-18 20:27:52 | INFO | P6 | ========================
2026-04-18 20:27:52 | INFO | P6 | START main()
2026-04-18 20:27:52 | INFO | P6 | ========================
2026-04-18 20:27:52 | INFO | P6 | ROOT_DIR = .
2026-04-18 20:27:52 | INFO | P6 | DATA_FILE = data\system_metrics_case.csv
2026-04-18 20:27:52 | INFO | P6 | OUTPUT_FILE = artifacts\system_assessment_case.csv
2026-04-18 20:27:52 | INFO | P6 | ARTIFACTS_DIR = artifacts
2026-04-18 20:27:52 | INFO | P6 | STEP 1. Loaded 60 system records
2026-04-18 20:27:52 | INFO | P6 | STEP 2. Designing signals from raw metrics...
2026-04-18 20:27:52 | INFO | P6 | STEP 3. Checking for anomalies in system signals...
2026-04-18 20:27:52 | INFO | P6 | STEP 3. Using thresholds: MAX_ERROR_RATE=0.05, MAX_AVG_LATENCY=40.0
2026-04-18 20:27:52 | INFO | P6 | STEP 3. Anomalies detected: 7
2026-04-18 20:27:52 | INFO | P6 | STEP 4. Summarizing system state from monitored signals...
2026-04-18 20:27:52 | INFO | P6 | STEP 4. System assessment completed
2026-04-18 20:27:52 | INFO | P6 | STEP 5. Wrote system assessment file: C:\Repos\Continuouse_Intelligence\cintel-06-continuous-intelligence\artifacts\system_assessment_case.csv
2026-04-18 20:27:52 | INFO | P6 | ========================
2026-04-18 20:27:52 | INFO | P6 | Pipeline executed successfully!
2026-04-18 20:27:52 | INFO | P6 | ========================
2026-04-18 20:27:52 | INFO | P6 | END main()
2026-04-19 11:30:18 | INFO | P6 | === RUN START ===
2026-04-19 11:30:19 | INFO | P6 | project=CINTEL
2026-04-19 11:30:19 | INFO | P6 | repo_dir=cintel-06-continuous-intelligence
2026-04-19 11:30:19 | INFO | P6 | python=3.14.3
2026-04-19 11:30:19 | INFO | P6 | os=Windows 11
2026-04-19 11:30:19 | INFO | P6 | shell=powershell
2026-04-19 11:30:19 | INFO | P6 | cwd=.
2026-04-19 11:30:19 | INFO | P6 | github_actions=False
2026-04-19 11:30:19 | INFO | P6 | ========================
2026-04-19 11:30:19 | INFO | P6 | START main()
2026-04-19 11:30:19 | INFO | P6 | ========================
2026-04-19 11:30:19 | INFO | P6 | ROOT_DIR = .
2026-04-19 11:30:19 | INFO | P6 | DATA_FILE = data\system_metrics_case.csv
2026-04-19 11:30:19 | INFO | P6 | OUTPUT_FILE = artifacts\system_assessment_case.csv
2026-04-19 11:30:19 | INFO | P6 | ARTIFACTS_DIR = artifacts
2026-04-19 11:30:19 | INFO | P6 | STEP 1. Loaded 60 system records
2026-04-19 11:30:19 | INFO | P6 | STEP 2. Designing signals from raw metrics...
2026-04-19 11:30:19 | INFO | P6 | STEP 3. Checking for anomalies in system signals...
2026-04-19 11:30:19 | INFO | P6 | STEP 3. Using thresholds: MAX_ERROR_RATE=0.05, MAX_AVG_LATENCY=40.0
2026-04-19 11:30:19 | INFO | P6 | STEP 3. Anomalies detected: 7
2026-04-19 11:30:19 | INFO | P6 | STEP 4. Summarizing system state from monitored signals...
2026-04-19 11:30:19 | INFO | P6 | STEP 4. System assessment completed
2026-04-19 11:30:19 | INFO | P6 | STEP 5. Wrote system assessment file: C:\Repos\Continuouse_Intelligence\cintel-06-continuous-intelligence\artifacts\system_assessment_case.csv
2026-04-19 11:30:19 | INFO | P6 | ========================
2026-04-19 11:30:19 | INFO | P6 | Pipeline executed successfully!
2026-04-19 11:30:19 | INFO | P6 | ========================
2026-04-19 11:30:19 | INFO | P6 | END main()
2026-04-19 12:02:37 | INFO | P6 | === RUN START ===
2026-04-19 12:02:37 | INFO | P6 | project=CINTEL
2026-04-19 12:02:37 | INFO | P6 | repo_dir=cintel-06-continuous-intelligence
2026-04-19 12:02:37 | INFO | P6 | python=3.14.3
2026-04-19 12:02:37 | INFO | P6 | os=Windows 11
2026-04-19 12:02:37 | INFO | P6 | shell=powershell
2026-04-19 12:02:37 | INFO | P6 | cwd=.
2026-04-19 12:02:37 | INFO | P6 | github_actions=False
2026-04-19 12:02:37 | INFO | P6 | ========================
2026-04-19 12:02:37 | INFO | P6 | START main()
2026-04-19 12:02:37 | INFO | P6 | ========================
2026-04-19 12:02:37 | INFO | P6 | ROOT_DIR = .
2026-04-19 12:02:37 | INFO | P6 | DATA_FILE = data\system_metrics_case.csv
2026-04-19 12:02:37 | INFO | P6 | OUTPUT_FILE = artifacts\system_assessment_hummel.csv
2026-04-19 12:02:37 | INFO | P6 | ARTIFACTS_DIR = artifacts
2026-04-19 12:02:37 | INFO | P6 | STEP 1. Loaded 60 system records
2026-04-19 12:02:37 | INFO | P6 | STEP 2. Designing signals from raw metrics...
2026-04-19 12:02:37 | INFO | P6 | STEP 3. Checking for anomalies in system signals...
2026-04-19 12:02:37 | INFO | P6 | STEP 3. Using thresholds: MAX_ERROR_RATE=0.05, MAX_AVG_LATENCY=30.0
2026-04-19 12:02:37 | INFO | P6 | STEP 3. Anomalies detected: 40
2026-04-19 12:02:37 | WARNING | P6 | ANOMALY | avg_latency_ms=30.28 > 30.0
2026-04-19 12:02:37 | WARNING | P6 | ANOMALY | avg_latency_ms=30.34 > 30.0
2026-04-19 12:02:37 | WARNING | P6 | ANOMALY | avg_latency_ms=30.41 > 30.0
2026-04-19 12:02:37 | WARNING | P6 | ANOMALY | avg_latency_ms=31.33 > 30.0
2026-04-19 12:02:37 | WARNING | P6 | ANOMALY | avg_latency_ms=31.58 > 30.0
2026-04-19 12:02:37 | WARNING | P6 | ANOMALY | avg_latency_ms=31.61 > 30.0
2026-04-19 12:02:37 | WARNING | P6 | ANOMALY | avg_latency_ms=31.65 > 30.0
2026-04-19 12:02:37 | WARNING | P6 | ANOMALY | avg_latency_ms=31.88 > 30.0
2026-04-19 12:02:37 | WARNING | P6 | ANOMALY | avg_latency_ms=32.10 > 30.0
2026-04-19 12:02:37 | WARNING | P6 | ANOMALY | avg_latency_ms=32.73 > 30.0
2026-04-19 12:02:37 | WARNING | P6 | ANOMALY | avg_latency_ms=33.33 > 30.0
2026-04-19 12:02:37 | WARNING | P6 | ANOMALY | avg_latency_ms=34.12 > 30.0
2026-04-19 12:02:37 | WARNING | P6 | ANOMALY | avg_latency_ms=34.30 > 30.0
2026-04-19 12:02:37 | WARNING | P6 | ANOMALY | avg_latency_ms=34.86 > 30.0
2026-04-19 12:02:37 | WARNING | P6 | ANOMALY | avg_latency_ms=35.39 > 30.0
2026-04-19 12:02:37 | WARNING | P6 | ANOMALY | avg_latency_ms=36.11 > 30.0
2026-04-19 12:02:37 | WARNING | P6 | ANOMALY | avg_latency_ms=37.36 > 30.0
2026-04-19 12:02:37 | WARNING | P6 | ANOMALY | avg_latency_ms=37.84 > 30.0
2026-04-19 12:02:37 | WARNING | P6 | ANOMALY | avg_latency_ms=38.83 > 30.0
2026-04-19 12:02:37 | WARNING | P6 | ANOMALY | avg_latency_ms=40.00 > 30.0
2026-04-19 12:02:37 | WARNING | P6 | ANOMALY | avg_latency_ms=41.03 > 30.0
2026-04-19 12:02:37 | WARNING | P6 | ANOMALY | avg_latency_ms=42.50 > 30.0
2026-04-19 12:02:37 | WARNING | P6 | ANOMALY | error_rate=0.0537 > 0.05; avg_latency_ms=43.90 > 30.0
2026-04-19 12:02:37 | WARNING | P6 | ANOMALY | error_rate=0.0571 > 0.05; avg_latency_ms=45.71 > 30.0
2026-04-19 12:02:37 | WARNING | P6 | ANOMALY | avg_latency_ms=43.90 > 30.0
2026-04-19 12:02:37 | WARNING | P6 | ANOMALY | avg_latency_ms=42.50 > 30.0
2026-04-19 12:02:37 | WARNING | P6 | ANOMALY | avg_latency_ms=41.03 > 30.0
2026-04-19 12:02:37 | WARNING | P6 | ANOMALY | avg_latency_ms=40.00 > 30.0
2026-04-19 12:02:37 | WARNING | P6 | ANOMALY | avg_latency_ms=38.92 > 30.0
2026-04-19 12:02:37 | WARNING | P6 | ANOMALY | avg_latency_ms=37.78 > 30.0
2026-04-19 12:02:37 | WARNING | P6 | ANOMALY | avg_latency_ms=37.14 > 30.0
2026-04-19 12:02:37 | WARNING | P6 | ANOMALY | avg_latency_ms=36.47 > 30.0
2026-04-19 12:02:37 | WARNING | P6 | ANOMALY | avg_latency_ms=35.71 > 30.0
2026-04-19 12:02:37 | WARNING | P6 | ANOMALY | avg_latency_ms=35.15 > 30.0
2026-04-19 12:02:37 | WARNING | P6 | ANOMALY | avg_latency_ms=34.38 > 30.0
2026-04-19 12:02:37 | WARNING | P6 | ANOMALY | avg_latency_ms=33.55 > 30.0
2026-04-19 12:02:37 | WARNING | P6 | ANOMALY | avg_latency_ms=33.33 > 30.0
2026-04-19 12:02:37 | WARNING | P6 | ANOMALY | avg_latency_ms=32.43 > 30.0
2026-04-19 12:02:37 | WARNING | P6 | ANOMALY | avg_latency_ms=31.72 > 30.0
2026-04-19 12:02:37 | WARNING | P6 | ANOMALY | avg_latency_ms=30.99 > 30.0
2026-04-19 12:02:37 | INFO | P6 | STEP 4. Summarizing system state from monitored signals...
2026-04-19 12:02:37 | INFO | P6 | STEP 4. System assessment completed
2026-04-19 12:02:37 | INFO | P6 | STEP 5. Wrote system assessment file: C:\Repos\Continuouse_Intelligence\cintel-06-continuous-intelligence\artifacts\system_assessment_hummel.csv
2026-04-19 12:02:37 | INFO | P6 | ========================
2026-04-19 12:02:37 | INFO | P6 | Pipeline executed successfully!
2026-04-19 12:02:37 | INFO | P6 | ========================
2026-04-19 12:02:37 | INFO | P6 | END main()
2026-04-19 12:13:36 | INFO | P6 | === RUN START ===
2026-04-19 12:13:36 | INFO | P6 | project=CINTEL
2026-04-19 12:13:36 | INFO | P6 | repo_dir=cintel-06-continuous-intelligence
2026-04-19 12:13:36 | INFO | P6 | python=3.14.3
2026-04-19 12:13:36 | INFO | P6 | os=Windows 11
2026-04-19 12:13:36 | INFO | P6 | shell=powershell
2026-04-19 12:13:36 | INFO | P6 | cwd=.
2026-04-19 12:13:36 | INFO | P6 | github_actions=False
2026-04-19 12:13:36 | INFO | P6 | ========================
2026-04-19 12:13:36 | INFO | P6 | START main()
2026-04-19 12:13:36 | INFO | P6 | ========================
2026-04-19 12:13:36 | INFO | P6 | ROOT_DIR = .
2026-04-19 12:13:36 | INFO | P6 | DATA_FILE = data\system_metrics_case.csv
2026-04-19 12:13:36 | INFO | P6 | OUTPUT_FILE = artifacts\system_assessment_hummel.csv
2026-04-19 12:13:36 | INFO | P6 | ARTIFACTS_DIR = artifacts
2026-04-19 12:13:36 | INFO | P6 | STEP 1. Loaded 60 system records
2026-04-19 12:13:36 | INFO | P6 | STEP 2. Designing signals from raw metrics...
2026-04-19 12:13:36 | INFO | P6 | STEP 3. Checking for anomalies in system signals...
2026-04-19 12:13:36 | INFO | P6 | STEP 3. Using thresholds: MAX_ERROR_RATE=0.05, MAX_AVG_LATENCY=30.0
2026-04-19 12:13:36 | INFO | P6 | STEP 3. Anomalies detected: 40
2026-04-19 12:13:36 | WARNING | P6 | ANOMALY | avg_latency_ms=30.28 > 30.0
2026-04-19 12:13:36 | WARNING | P6 | ANOMALY | avg_latency_ms=30.34 > 30.0
2026-04-19 12:13:36 | WARNING | P6 | ANOMALY | avg_latency_ms=30.41 > 30.0
2026-04-19 12:13:36 | WARNING | P6 | ANOMALY | avg_latency_ms=31.33 > 30.0
2026-04-19 12:13:36 | WARNING | P6 | ANOMALY | avg_latency_ms=31.58 > 30.0
2026-04-19 12:13:36 | WARNING | P6 | ANOMALY | avg_latency_ms=31.61 > 30.0
2026-04-19 12:13:36 | WARNING | P6 | ANOMALY | avg_latency_ms=31.65 > 30.0
2026-04-19 12:13:36 | WARNING | P6 | ANOMALY | avg_latency_ms=31.88 > 30.0
2026-04-19 12:13:36 | WARNING | P6 | ANOMALY | avg_latency_ms=32.10 > 30.0
2026-04-19 12:13:36 | WARNING | P6 | ANOMALY | avg_latency_ms=32.73 > 30.0
2026-04-19 12:13:36 | WARNING | P6 | ANOMALY | avg_latency_ms=33.33 > 30.0
2026-04-19 12:13:36 | WARNING | P6 | ANOMALY | avg_latency_ms=34.12 > 30.0
2026-04-19 12:13:36 | WARNING | P6 | ANOMALY | avg_latency_ms=34.30 > 30.0
2026-04-19 12:13:36 | WARNING | P6 | ANOMALY | avg_latency_ms=34.86 > 30.0
2026-04-19 12:13:36 | WARNING | P6 | ANOMALY | avg_latency_ms=35.39 > 30.0
2026-04-19 12:13:36 | WARNING | P6 | ANOMALY | avg_latency_ms=36.11 > 30.0
2026-04-19 12:13:36 | WARNING | P6 | ANOMALY | avg_latency_ms=37.36 > 30.0
2026-04-19 12:13:36 | WARNING | P6 | ANOMALY | avg_latency_ms=37.84 > 30.0
2026-04-19 12:13:36 | WARNING | P6 | ANOMALY | avg_latency_ms=38.83 > 30.0
2026-04-19 12:13:36 | WARNING | P6 | ANOMALY | avg_latency_ms=40.00 > 30.0
2026-04-19 12:13:36 | WARNING | P6 | ANOMALY | avg_latency_ms=41.03 > 30.0
2026-04-19 12:13:36 | WARNING | P6 | ANOMALY | avg_latency_ms=42.50 > 30.0
2026-04-19 12:13:36 | WARNING | P6 | ANOMALY | error_rate=0.0537 > 0.05; avg_latency_ms=43.90 > 30.0
2026-04-19 12:13:36 | WARNING | P6 | ANOMALY | error_rate=0.0571 > 0.05; avg_latency_ms=45.71 > 30.0
2026-04-19 12:13:36 | WARNING | P6 | ANOMALY | avg_latency_ms=43.90 > 30.0
2026-04-19 12:13:36 | WARNING | P6 | ANOMALY | avg_latency_ms=42.50 > 30.0
2026-04-19 12:13:36 | WARNING | P6 | ANOMALY | avg_latency_ms=41.03 > 30.0
2026-04-19 12:13:36 | WARNING | P6 | ANOMALY | avg_latency_ms=40.00 > 30.0
2026-04-19 12:13:36 | WARNING | P6 | ANOMALY | avg_latency_ms=38.92 > 30.0
2026-04-19 12:13:36 | WARNING | P6 | ANOMALY | avg_latency_ms=37.78 > 30.0
2026-04-19 12:13:36 | WARNING | P6 | ANOMALY | avg_latency_ms=37.14 > 30.0
2026-04-19 12:13:36 | WARNING | P6 | ANOMALY | avg_latency_ms=36.47 > 30.0
2026-04-19 12:13:36 | WARNING | P6 | ANOMALY | avg_latency_ms=35.71 > 30.0
2026-04-19 12:13:36 | WARNING | P6 | ANOMALY | avg_latency_ms=35.15 > 30.0
2026-04-19 12:13:36 | WARNING | P6 | ANOMALY | avg_latency_ms=34.38 > 30.0
2026-04-19 12:13:36 | WARNING | P6 | ANOMALY | avg_latency_ms=33.55 > 30.0
2026-04-19 12:13:36 | WARNING | P6 | ANOMALY | avg_latency_ms=33.33 > 30.0
2026-04-19 12:13:36 | WARNING | P6 | ANOMALY | avg_latency_ms=32.43 > 30.0
2026-04-19 12:13:36 | WARNING | P6 | ANOMALY | avg_latency_ms=31.72 > 30.0
2026-04-19 12:13:36 | WARNING | P6 | ANOMALY | avg_latency_ms=30.99 > 30.0
2026-04-19 12:13:36 | INFO | P6 | STEP 4. Summarizing system state from monitored signals...
2026-04-19 12:13:36 | INFO | P6 | STEP 4. System assessment completed
2026-04-19 12:13:36 | INFO | P6 | STEP 5. Wrote system assessment file: C:\Repos\Continuouse_Intelligence\cintel-06-continuous-intelligence\artifacts\system_assessment_hummel.csv
2026-04-19 12:13:36 | INFO | P6 | ========================
2026-04-19 12:13:36 | INFO | P6 | Pipeline executed successfully!
2026-04-19 12:13:36 | INFO | P6 | ========================
2026-04-19 12:13:36 | INFO | P6 | END main()
